<?xml version="1.0" encoding="UTF-8"?>
<testsuite name="Cucumber" time="20.068" tests="1" skipped="0" failures="1" errors="0">
<testcase classname="Verify Scroll Up" name="Test Case 26: Verify Scroll Up without 'Arrow' button and Scroll Down functionality" time="19.275">
<failure type="java.lang.AssertionError">
<![CDATA[java.lang.AssertionError
	at org.junit.Assert.fail(Assert.java:87)
	at org.junit.Assert.assertTrue(Assert.java:42)
	at org.junit.Assert.assertTrue(Assert.java:53)
	at stepdefinitions.T25_ScrollDownfunctionalityStepDefinitions.verifyThatPageIsScrolledUpAndFullFledgedPracticeWebsiteForAutomationEngineersTextIsVisibleOnScreen(T25_ScrollDownfunctionalityStepDefinitions.java:25)
	at âœ½.Verify that page is scrolled up and Full-Fledged practice website for Automation Engineers text is visible on screen(file:///C:/Users/Public/com.automationexerciseCucumber/./src/test/resources/features/test_case26.feature:9)
]]>
</failure>
<system-out><![CDATA[
Given Navigate to url "http://automationexercise.com".......................passed
And Verify that home page is visible successfully...........................passed
And Scroll down page to bottom..............................................passed
And Verify text SUBSCRIPTION................................................passed
And Scroll up page to top...................................................passed
Then Verify that page is scrolled up and Full-Fledged practice website for Automation Engineers text is visible on screen.failed
]]></system-out>
</testcase>
</testsuite>
